  CHero.cpp
c:\users\admin\source\repos\2019_client_20_eun\workspace\shootinggame2\shootinggame\canimation.h(66): warning C4018: '<': signed 또는 unsigned가 일치하지 않습니다.
c:\users\admin\source\repos\2019_client_20_eun\workspace\shootinggame2\shootinggame\ccharacter.h(11): warning C4244: '초기화 중': 'float'에서 'int'(으)로 변환하면서 데이터가 손실될 수 있습니다.
c:\users\admin\source\repos\2019_client_20_eun\workspace\shootinggame2\shootinggame\ccharacter.h(12): warning C4244: '초기화 중': 'float'에서 'int'(으)로 변환하면서 데이터가 손실될 수 있습니다.
c:\users\admin\source\repos\2019_client_20_eun\workspace\shootinggame2\shootinggame\chero.cpp(75): warning C4244: '=': 'LONG'에서 'float'(으)로 변환하면서 데이터가 손실될 수 있습니다.
c:\users\admin\source\repos\2019_client_20_eun\workspace\shootinggame2\shootinggame\chero.cpp(76): warning C4244: '=': 'LONG'에서 'float'(으)로 변환하면서 데이터가 손실될 수 있습니다.
c:\users\admin\source\repos\2019_client_20_eun\workspace\shootinggame2\shootinggame\chero.cpp(380): warning C4244: '초기화 중': 'int'에서 'float'(으)로 변환하면서 데이터가 손실될 수 있습니다.
c:\users\admin\source\repos\2019_client_20_eun\workspace\shootinggame2\shootinggame\chero.cpp(390): warning C4244: '인수': 'float'에서 'int'(으)로 변환하면서 데이터가 손실될 수 있습니다.
c:\users\admin\source\repos\2019_client_20_eun\workspace\shootinggame2\shootinggame\chero.cpp(389): warning C4244: '인수': 'float'에서 'int'(으)로 변환하면서 데이터가 손실될 수 있습니다.
c:\users\admin\source\repos\2019_client_20_eun\workspace\shootinggame2\shootinggame\chero.cpp(388): warning C4244: '인수': 'float'에서 'int'(으)로 변환하면서 데이터가 손실될 수 있습니다.
c:\users\admin\source\repos\2019_client_20_eun\workspace\shootinggame2\shootinggame\chero.cpp(407): warning C4244: '인수': 'float'에서 'INT'(으)로 변환하면서 데이터가 손실될 수 있습니다.
c:\users\admin\source\repos\2019_client_20_eun\workspace\shootinggame2\shootinggame\chero.cpp(406): warning C4244: '인수': 'float'에서 'INT'(으)로 변환하면서 데이터가 손실될 수 있습니다.
c:\users\admin\source\repos\2019_client_20_eun\workspace\shootinggame2\shootinggame\chero.cpp(405): warning C4244: '인수': 'float'에서 'INT'(으)로 변환하면서 데이터가 손실될 수 있습니다.
c:\users\admin\source\repos\2019_client_20_eun\workspace\shootinggame2\shootinggame\chero.cpp(411): warning C4244: '인수': 'double'에서 'float'(으)로 변환하면서 데이터가 손실될 수 있습니다.
c:\users\admin\source\repos\2019_client_20_eun\workspace\shootinggame2\shootinggame\chero.cpp(512): warning C4244: '=': 'float'에서 'int'(으)로 변환하면서 데이터가 손실될 수 있습니다.
c:\users\admin\source\repos\2019_client_20_eun\workspace\shootinggame2\shootinggame\chero.cpp(513): warning C4244: '=': 'float'에서 'int'(으)로 변환하면서 데이터가 손실될 수 있습니다.
  CMyMain.cpp
c:\users\admin\source\repos\2019_client_20_eun\workspace\shootinggame2\shootinggame\canimation.h(66): warning C4018: '<': signed 또는 unsigned가 일치하지 않습니다.
c:\users\admin\source\repos\2019_client_20_eun\workspace\shootinggame2\shootinggame\ccharacter.h(11): warning C4244: '초기화 중': 'float'에서 'int'(으)로 변환하면서 데이터가 손실될 수 있습니다.
c:\users\admin\source\repos\2019_client_20_eun\workspace\shootinggame2\shootinggame\ccharacter.h(12): warning C4244: '초기화 중': 'float'에서 'int'(으)로 변환하면서 데이터가 손실될 수 있습니다.
c:\users\admin\source\repos\2019_client_20_eun\workspace\shootinggame2\shootinggame\cmymain.cpp(206): warning C4244: '+=': 'double'에서 'float'(으)로 변환하면서 데이터가 손실될 수 있습니다.
c:\users\admin\source\repos\2019_client_20_eun\workspace\shootinggame2\shootinggame\cmymain.cpp(298): warning C4244: '+=': 'double'에서 'float'(으)로 변환하면서 데이터가 손실될 수 있습니다.
c:\users\admin\source\repos\2019_client_20_eun\workspace\shootinggame2\shootinggame\cmymain.cpp(344): warning C4244: '+=': 'double'에서 'float'(으)로 변환하면서 데이터가 손실될 수 있습니다.
c:\users\admin\source\repos\2019_client_20_eun\workspace\shootinggame2\shootinggame\cmymain.cpp(376): warning C4244: '인수': 'double'에서 'float'(으)로 변환하면서 데이터가 손실될 수 있습니다.
c:\users\admin\source\repos\2019_client_20_eun\workspace\shootinggame2\shootinggame\cmymain.cpp(381): warning C4244: '인수': 'double'에서 'float'(으)로 변환하면서 데이터가 손실될 수 있습니다.
c:\users\admin\source\repos\2019_client_20_eun\workspace\shootinggame2\shootinggame\cmymain.cpp(385): warning C4244: '인수': 'double'에서 'float'(으)로 변환하면서 데이터가 손실될 수 있습니다.
c:\users\admin\source\repos\2019_client_20_eun\workspace\shootinggame2\shootinggame\cmymain.cpp(393): warning C4244: '인수': 'double'에서 'float'(으)로 변환하면서 데이터가 손실될 수 있습니다.
c:\users\admin\source\repos\2019_client_20_eun\workspace\shootinggame2\shootinggame\cmymain.cpp(401): warning C4244: '인수': 'double'에서 'float'(으)로 변환하면서 데이터가 손실될 수 있습니다.
c:\users\admin\source\repos\2019_client_20_eun\workspace\shootinggame2\shootinggame\cmymain.cpp(406): warning C4244: '인수': 'double'에서 'float'(으)로 변환하면서 데이터가 손실될 수 있습니다.
c:\users\admin\source\repos\2019_client_20_eun\workspace\shootinggame2\shootinggame\cmymain.cpp(480): warning C4244: '인수': 'double'에서 'float'(으)로 변환하면서 데이터가 손실될 수 있습니다.
c:\users\admin\source\repos\2019_client_20_eun\workspace\shootinggame2\shootinggame\cmymain.cpp(502): warning C4018: '<': signed 또는 unsigned가 일치하지 않습니다.
c:\users\admin\source\repos\2019_client_20_eun\workspace\shootinggame2\shootinggame\cmymain.cpp(615): warning C4244: '인수': 'double'에서 'float'(으)로 변환하면서 데이터가 손실될 수 있습니다.
  코드를 생성하고 있습니다...
  ShootingGame.vcxproj -> C:\Users\admin\source\repos\2019_Client_20_Eun\Workspace\ShootingGame2\Debug\ShootingGame.exe
